#
# A fatal error has been detected by the Java Runtime Environment:
#
#  SIGSEGV (0xb) at pc=0x00007f5661069a7a, pid=32281, tid=0x00007f565473d700
#
# JRE version: Java(TM) SE Runtime Environment (8.0_144-b01) (build 1.8.0_144-b01)
# Java VM: Java HotSpot(TM) 64-Bit Server VM (25.144-b01 mixed mode linux-amd64 compressed oops)
# Problematic frame:
# v  ~BufferBlob::jni_fast_GetLongField
#
# Failed to write core dump. Core dumps have been disabled. To enable core dumping, try "ulimit -c unlimited" before starting Java again
#
# If you would like to submit a bug report, please visit:
#   http://bugreport.java.com/bugreport/crash.jsp
# The crash happened outside the Java Virtual Machine in native code.
# See problematic frame for where to report the bug.
#

---------------  T H R E A D  ---------------

Current thread (0x00007f56703cd000):  JavaThread "AWT-XAWT" daemon [_thread_in_native, id=32324, stack(0x00007f565463d000,0x00007f565473e000)]

siginfo: si_signo: 11 (SIGSEGV), si_code: 1 (SEGV_MAPERR), si_addr: 0x0000000000000000

Registers:
RAX=0x00007f5676da0060, RBX=0x00007f56703cd1f8, RCX=0x00007f5677808320, RDX=0x0000000000000042
RSP=0x00007f565473c6f8, RBP=0x00007f565473c720, RSI=0x0000000000000000, RDI=0x00007f56703cd1f8
R8 =0x0000000000000320, R9 =0x0000000000000000, R10=0x0000000000000332, R11=0x00007f566153d9d8
R12=0x00007f55ec010f70, R13=0x0000000000000000, R14=0x00007f56564e77e0, R15=0x00007f56703cd000
RIP=0x00007f5661069a7a, EFLAGS=0x0000000000010246, CSGSFS=0x0000000000000033, ERR=0x0000000000000004
  TRAPNO=0x000000000000000e

Top of Stack: (sp=0x00007f565473c6f8)
0x00007f565473c6f8:   00007f56562c5ee1 00007f565e1feb30
0x00007f565473c708:   00007f55ec010f70 00007f565473c7d0
0x00007f565473c718:   00007f565473c7a0 0000000000000000
0x00007f565473c728:   00007f5655d88ae8 00007f565e1feb30
0x00007f565473c738:   00007f565473c760 0000000000000000
0x00007f565473c748:   00007f5655d809a3 00007f565473c7d0
0x00007f565473c758:   00007f56562bf11f 00007f565473c7b0
0x00007f565473c768:   00007f566153da76 0000000000000000
0x00007f565473c778:   00007f5661120136 00000007bcebd258
0x00007f565473c788:   00007f56611f8fec 0000000000000002
0x00007f565473c798:   00007f56614e50b4 00000005d7bb60e8
0x00007f565473c7a8:   00000007bd18e8a0 00007f565473c830
0x00007f565473c7b8:   00007f5661007a90 00007f565473c830
0x00007f565473c7c8:   00007f5661007a90 0000000000000000
0x00007f565473c7d8:   00007f5661007dd0 00007f55f4000e30
0x00007f565473c7e8:   00000007bcebd258 00007f565473c7f0
0x00007f565473c7f8:   00007f565e2efb74 00007f565473c878
0x00007f565473c808:   00007f565e2f8b10 0000000000000000
0x00007f565473c818:   00007f565e2efcb0 00007f565473c7d0
0x00007f565473c828:   00007f565473c870 00007f565473c8c0
0x00007f565473c838:   00007f56610082bd 0000000000000000
0x00007f565473c848:   0000000739851508 0000000000000000
0x00007f565473c858:   0000000000000000 0000000000000000
0x00007f565473c868:   00000007bcebd258 0000000000000000
0x00007f565473c878:   00000007bc8342c0 00007f565473c880
0x00007f565473c888:   00007f565e2ef9b5 00007f565473c8d0
0x00007f565473c898:   00007f565e2f8b10 0000000000000000
0x00007f565473c8a8:   00007f565e2ef9c0 00007f565473c870
0x00007f565473c8b8:   00007f565473c8d0 00007f565473c918
0x00007f565473c8c8:   00007f5661008302 00000007bc8342c0
0x00007f565473c8d8:   00007f565473c8d8 00007f565dc6299b
0x00007f565473c8e8:   00007f565473c928 00007f565dcea0b8 

Instructions: (pc=0x00007f5661069a7a)
0x00007f5661069a5a:   00 00 00 00 00 00 44 8b 15 c1 60 d7 15 4c 8b ce
0x00007f5661069a6a:   41 f6 c2 01 0f 85 2e 00 00 00 4d 33 ca 4d 33 ca
0x00007f5661069a7a:   4d 8b 09 4c 8b da 49 c1 eb 02 4b 8b 04 19 49 bb
0x00007f5661069a8a:   28 fb dd 76 56 7f 00 00 4c 33 d8 4c 33 d8 45 3b 

Register to memory mapping:

RAX=0x00007f5676da0060: <offset 0xf8b060> in /usr/lib/jvm/java-8-oracle/jre/lib/amd64/server/libjvm.so at 0x00007f5675e15000
RBX=0x00007f56703cd1f8 is an unknown value
RCX=0x00007f5677808320: <offset 0x219320> in /lib/x86_64-linux-gnu/libpthread.so.0 at 0x00007f56775ef000
RDX=0x0000000000000042 is an unknown value
RSP=0x00007f565473c6f8 is pointing into the stack for thread: 0x00007f56703cd000
RBP=0x00007f565473c720 is pointing into the stack for thread: 0x00007f56703cd000
RSI=0x0000000000000000 is an unknown value
RDI=0x00007f56703cd1f8 is an unknown value
R8 =0x0000000000000320 is an unknown value
R9 =0x0000000000000000 is an unknown value
R10=0x0000000000000332 is an unknown value
R11=0x00007f566153d9d8 is at entry_point+24 in (nmethod*)0x00007f566153d850
R12=0x00007f55ec010f70 is an unknown value
R13=0x0000000000000000 is an unknown value
R14=0x00007f56564e77e0: <offset 0x2587e0> in /usr/lib/jvm/java-8-oracle/jre/lib/amd64/libawt_xawt.so at 0x00007f565628f000
R15=0x00007f56703cd000 is a thread


Stack: [0x00007f565463d000,0x00007f565473e000],  sp=0x00007f565473c6f8,  free space=1021k
Native frames: (J=compiled Java code, j=interpreted, Vv=VM code, C=native code)
v  ~BufferBlob::jni_fast_GetLongField
C  [libX11.so.6+0x61ae8]  _XimServerDestroy+0x58

Java frames: (J=compiled Java code, j=interpreted, Vv=VM code)
J 1794  sun.awt.X11.XlibWrapper.XFilterEvent(JJ)Z (0 bytes) @ 0x00007f566153da04 [0x00007f566153d9c0+0x44]
j  sun.awt.X11.XToolkit.run(Z)V+300
j  sun.awt.X11.XToolkit.run()V+5
j  java.lang.Thread.run()V+11
v  ~StubRoutines::call_stub

---------------  P R O C E S S  ---------------

Java Threads: ( => current thread )
  0x00007f55ec020800 JavaThread "TimerQueue" daemon [_thread_blocked, id=32338, stack(0x00007f55f3cd2000,0x00007f55f3dd3000)]
=>0x00007f56703cd000 JavaThread "AWT-XAWT" daemon [_thread_in_native, id=32324, stack(0x00007f565463d000,0x00007f565473e000)]
  0x00007f56703e7800 JavaThread "Java2D Disposer" daemon [_thread_blocked, id=32323, stack(0x00007f5654b4e000,0x00007f5654c4f000)]
  0x00007f56700cc000 JavaThread "Service Thread" daemon [_thread_blocked, id=32304, stack(0x00007f5656d12000,0x00007f5656e13000)]
  0x00007f56700c9000 JavaThread "C1 CompilerThread3" daemon [_thread_blocked, id=32303, stack(0x00007f5656e13000,0x00007f5656f14000)]
  0x00007f56700c7000 JavaThread "C2 CompilerThread2" daemon [_thread_blocked, id=32302, stack(0x00007f5656f14000,0x00007f5657015000)]
  0x00007f56700c5000 JavaThread "C2 CompilerThread1" daemon [_thread_blocked, id=32301, stack(0x00007f5657015000,0x00007f5657116000)]
  0x00007f56700c2000 JavaThread "C2 CompilerThread0" daemon [_thread_blocked, id=32300, stack(0x00007f5657116000,0x00007f5657217000)]
  0x00007f56700c0800 JavaThread "Signal Dispatcher" daemon [_thread_blocked, id=32299, stack(0x00007f5657217000,0x00007f5657318000)]
  0x00007f567008d800 JavaThread "Finalizer" daemon [_thread_blocked, id=32298, stack(0x00007f56579fa000,0x00007f5657afb000)]
  0x00007f5670089000 JavaThread "Reference Handler" daemon [_thread_blocked, id=32297, stack(0x00007f5657afb000,0x00007f5657bfc000)]
  0x00007f567000b000 JavaThread "main" [_thread_in_native, id=32287, stack(0x00007f5677907000,0x00007f5677a08000)]

Other Threads:
  0x00007f5670081000 VMThread [stack: 0x00007f5657bfc000,0x00007f5657cfd000] [id=32296]
  0x00007f56700cf000 WatcherThread [stack: 0x00007f5656c11000,0x00007f5656d12000] [id=32305]

VM state:not at safepoint (normal execution)

VM Mutex/Monitor currently owned by a thread: None

Heap:
 PSYoungGen      total 2637312K, used 1887850K [0x0000000718e00000, 0x00000007c0000000, 0x00000007c0000000)
  eden space 2578432K, 70% used [0x0000000718e00000,0x000000078881d078,0x00000007b6400000)
  from space 58880K, 99% used [0x00000007bc680000,0x00000007bfffd820,0x00000007c0000000)
  to   space 79872K, 0% used [0x00000007b6400000,0x00000007b6400000,0x00000007bb200000)
 ParOldGen       total 343040K, used 250285K [0x00000005caa00000, 0x00000005df900000, 0x0000000718e00000)
  object space 343040K, 72% used [0x00000005caa00000,0x00000005d9e6b648,0x00000005df900000)
 Metaspace       used 16466K, capacity 16760K, committed 17152K, reserved 1064960K
  class space    used 1910K, capacity 1998K, committed 2048K, reserved 1048576K

Card table byte_map: [0x00007f5660054000,0x00007f5661000000] byte_map_base: 0x00007f565d1ff000

Marking Bits: (ParMarkBitMap*) 0x00007f5676ddedc0
 Begin Bits: [0x00007f5628550000, 0x00007f56302a8000)
 End Bits:   [0x00007f56302a8000, 0x00007f5638000000)

Polling page: 0x00007f5677a2c000

CodeCache: size=245760Kb used=10994Kb max_used=11795Kb free=234765Kb
 bounds [0x00007f5661000000, 0x00007f5661c30000, 0x00007f5670000000]
 total_blobs=3642 nmethods=3075 adapters=478
 compilation: enabled

Compilation events (10 events):
Event: 2341.389 Thread 0x00007f56700c9000 4021       3       java.util.Vector$Itr::hasNext (20 bytes)
Event: 2341.389 Thread 0x00007f56700c9000 nmethod 4021 0x00007f56618d5d10 code [0x00007f56618d5e80, 0x00007f56618d6050]
Event: 4260.869 Thread 0x00007f56700c9000 4022       3       java.lang.Long::equals (30 bytes)
Event: 4260.870 Thread 0x00007f56700c9000 nmethod 4022 0x00007f566164f550 code [0x00007f566164f6e0, 0x00007f566164fb90]
Event: 4266.744 Thread 0x00007f56700c9000 4023   !   3       java.util.Vector$Itr::next (63 bytes)
Event: 4266.745 Thread 0x00007f56700c9000 nmethod 4023 0x00007f5661318d10 code [0x00007f5661318ee0, 0x00007f5661319598]
Event: 4266.745 Thread 0x00007f56700c9000 4024       3       java.util.Vector$Itr::checkForComodification (23 bytes)
Event: 4266.745 Thread 0x00007f56700c9000 nmethod 4024 0x00007f56618a6790 code [0x00007f56618a6900, 0x00007f56618a6b68]
Event: 4289.215 Thread 0x00007f56700c9000 4025       3       sun.awt.X11.XWindow::handlePropertyNotify (46 bytes)
Event: 4289.217 Thread 0x00007f56700c9000 nmethod 4025 0x00007f56614242d0 code [0x00007f5661424540, 0x00007f5661425468]

GC Heap History (10 events):
Event: 8.901 GC heap before
{Heap before GC invocations=10 (full 0):
 PSYoungGen      total 2101248K, used 2101234K [0x0000000718e00000, 0x00000007c0000000, 0x00000007c0000000)
  eden space 2054656K, 100% used [0x0000000718e00000,0x0000000796480000,0x0000000796480000)
  from space 46592K, 99% used [0x0000000796480000,0x00000007991fc9b0,0x0000000799200000)
  to   space 60416K, 0% used [0x00000007bc500000,0x00000007bc500000,0x00000007c0000000)
 ParOldGen       total 343040K, used 60666K [0x00000005caa00000, 0x00000005df900000, 0x0000000718e00000)
  object space 343040K, 17% used [0x00000005caa00000,0x00000005ce53e978,0x00000005df900000)
 Metaspace       used 5919K, capacity 6150K, committed 6528K, reserved 1056768K
  class space    used 671K, capacity 772K, committed 896K, reserved 1048576K
Event: 8.954 GC heap after
Heap after GC invocations=10 (full 0):
 PSYoungGen      total 2665472K, used 57915K [0x0000000718e00000, 0x00000007c0000000, 0x00000007c0000000)
  eden space 2605056K, 0% used [0x0000000718e00000,0x0000000718e00000,0x00000007b7e00000)
  from space 60416K, 95% used [0x00000007bc500000,0x00000007bfd8ee38,0x00000007c0000000)
  to   space 66560K, 0% used [0x00000007b7e00000,0x00000007b7e00000,0x00000007bbf00000)
 ParOldGen       total 343040K, used 78362K [0x00000005caa00000, 0x00000005df900000, 0x0000000718e00000)
  object space 343040K, 22% used [0x00000005caa00000,0x00000005cf686998,0x00000005df900000)
 Metaspace       used 5919K, capacity 6150K, committed 6528K, reserved 1056768K
  class space    used 671K, capacity 772K, committed 896K, reserved 1048576K
}
Event: 11.582 GC heap before
{Heap before GC invocations=11 (full 0):
 PSYoungGen      total 2665472K, used 2662971K [0x0000000718e00000, 0x00000007c0000000, 0x00000007c0000000)
  eden space 2605056K, 100% used [0x0000000718e00000,0x00000007b7e00000,0x00000007b7e00000)
  from space 60416K, 95% used [0x00000007bc500000,0x00000007bfd8ee38,0x00000007c0000000)
  to   space 66560K, 0% used [0x00000007b7e00000,0x00000007b7e00000,0x00000007bbf00000)
 ParOldGen       total 343040K, used 78362K [0x00000005caa00000, 0x00000005df900000, 0x0000000718e00000)
  object space 343040K, 22% used [0x00000005caa00000,0x00000005cf686998,0x00000005df900000)
 Metaspace       used 5919K, capacity 6150K, committed 6528K, reserved 1056768K
  class space    used 671K, capacity 772K, committed 896K, reserved 1048576K
Event: 11.661 GC heap after
Heap after GC invocations=11 (full 0):
 PSYoungGen      total 2671616K, used 37216K [0x0000000718e00000, 0x00000007c0000000, 0x00000007c0000000)
  eden space 2605056K, 0% used [0x0000000718e00000,0x0000000718e00000,0x00000007b7e00000)
  from space 66560K, 55% used [0x00000007b7e00000,0x00000007ba258030,0x00000007bbf00000)
  to   space 64000K, 0% used [0x00000007bc180000,0x00000007bc180000,0x00000007c0000000)
 ParOldGen       total 343040K, used 136277K [0x00000005caa00000, 0x00000005df900000, 0x0000000718e00000)
  object space 343040K, 39% used [0x00000005caa00000,0x00000005d2f157b0,0x00000005df900000)
 Metaspace       used 5919K, capacity 6150K, committed 6528K, reserved 1056768K
  class space    used 671K, capacity 772K, committed 896K, reserved 1048576K
}
Event: 14.296 GC heap before
{Heap before GC invocations=12 (full 0):
 PSYoungGen      total 2671616K, used 2642272K [0x0000000718e00000, 0x00000007c0000000, 0x00000007c0000000)
  eden space 2605056K, 100% used [0x0000000718e00000,0x00000007b7e00000,0x00000007b7e00000)
  from space 66560K, 55% used [0x00000007b7e00000,0x00000007ba258030,0x00000007bbf00000)
  to   space 64000K, 0% used [0x00000007bc180000,0x00000007bc180000,0x00000007c0000000)
 ParOldGen       total 343040K, used 136277K [0x00000005caa00000, 0x00000005df900000, 0x0000000718e00000)
  object space 343040K, 39% used [0x00000005caa00000,0x00000005d2f157b0,0x00000005df900000)
 Metaspace       used 5919K, capacity 6150K, committed 6528K, reserved 1056768K
  class space    used 671K, capacity 772K, committed 896K, reserved 1048576K
Event: 14.346 GC heap after
Heap after GC invocations=12 (full 0):
 PSYoungGen      total 2663936K, used 36761K [0x0000000718e00000, 0x00000007bf880000, 0x00000007c0000000)
  eden space 2607616K, 0% used [0x0000000718e00000,0x0000000718e00000,0x00000007b8080000)
  from space 56320K, 65% used [0x00000007bc180000,0x00000007be566520,0x00000007bf880000)
  to   space 61440K, 0% used [0x00000007b8080000,0x00000007b8080000,0x00000007bbc80000)
 ParOldGen       total 343040K, used 173573K [0x00000005caa00000, 0x00000005df900000, 0x0000000718e00000)
  object space 343040K, 50% used [0x00000005caa00000,0x00000005d53817e0,0x00000005df900000)
 Metaspace       used 5919K, capacity 6150K, committed 6528K, reserved 1056768K
  class space    used 671K, capacity 772K, committed 896K, reserved 1048576K
}
Event: 16.973 GC heap before
{Heap before GC invocations=13 (full 0):
 PSYoungGen      total 2663936K, used 2644377K [0x0000000718e00000, 0x00000007bf880000, 0x00000007c0000000)
  eden space 2607616K, 100% used [0x0000000718e00000,0x00000007b8080000,0x00000007b8080000)
  from space 56320K, 65% used [0x00000007bc180000,0x00000007be566520,0x00000007bf880000)
  to   space 61440K, 0% used [0x00000007b8080000,0x00000007b8080000,0x00000007bbc80000)
 ParOldGen       total 343040K, used 173573K [0x00000005caa00000, 0x00000005df900000, 0x0000000718e00000)
  object space 343040K, 50% used [0x00000005caa00000,0x00000005d53817e0,0x00000005df900000)
 Metaspace       used 5919K, capacity 6150K, committed 6528K, reserved 1056768K
  class space    used 671K, capacity 772K, committed 896K, reserved 1048576K
Event: 17.010 GC heap after
Heap after GC invocations=13 (full 0):
 PSYoungGen      total 2669056K, used 36864K [0x0000000718e00000, 0x00000007c0000000, 0x00000007c0000000)
  eden space 2607616K, 0% used [0x0000000718e00000,0x0000000718e00000,0x00000007b8080000)
  from space 61440K, 60% used [0x00000007b8080000,0x00000007ba480010,0x00000007bbc80000)
  to   space 58880K, 0% used [0x00000007bc680000,0x00000007bc680000,0x00000007c0000000)
 ParOldGen       total 343040K, used 210383K [0x00000005caa00000, 0x00000005df900000, 0x0000000718e00000)
  object space 343040K, 61% used [0x00000005caa00000,0x00000005d7773d00,0x00000005df900000)
 Metaspace       used 5919K, capacity 6150K, committed 6528K, reserved 1056768K
  class space    used 671K, capacity 772K, committed 896K, reserved 1048576K
}
Event: 728.102 GC heap before
{Heap before GC invocations=14 (full 0):
 PSYoungGen      total 2669056K, used 2644480K [0x0000000718e00000, 0x00000007c0000000, 0x00000007c0000000)
  eden space 2607616K, 100% used [0x0000000718e00000,0x00000007b8080000,0x00000007b8080000)
  from space 61440K, 60% used [0x00000007b8080000,0x00000007ba480010,0x00000007bbc80000)
  to   space 58880K, 0% used [0x00000007bc680000,0x00000007bc680000,0x00000007c0000000)
 ParOldGen       total 343040K, used 210383K [0x00000005caa00000, 0x00000005df900000, 0x0000000718e00000)
  object space 343040K, 61% used [0x00000005caa00000,0x00000005d7773d00,0x00000005df900000)
 Metaspace       used 16374K, capacity 16620K, committed 16896K, reserved 1064960K
  class space    used 1907K, capacity 1996K, committed 2048K, reserved 1048576K
Event: 728.186 GC heap after
Heap after GC invocations=14 (full 0):
 PSYoungGen      total 2637312K, used 58870K [0x0000000718e00000, 0x00000007c0000000, 0x00000007c0000000)
  eden space 2578432K, 0% used [0x0000000718e00000,0x0000000718e00000,0x00000007b6400000)
  from space 58880K, 99% used [0x00000007bc680000,0x00000007bfffd820,0x00000007c0000000)
  to   space 79872K, 0% used [0x00000007b6400000,0x00000007b6400000,0x00000007bb200000)
 ParOldGen       total 343040K, used 250285K [0x00000005caa00000, 0x00000005df900000, 0x0000000718e00000)
  object space 343040K, 72% used [0x00000005caa00000,0x00000005d9e6b648,0x00000005df900000)
 Metaspace       used 16374K, capacity 16620K, committed 16896K, reserved 1064960K
  class space    used 1907K, capacity 1996K, committed 2048K, reserved 1048576K
}

Deoptimization events (10 events):
Event: 770.825 Thread 0x00007f5670540000 Uncommon trap: reason=unstable_if action=reinterpret pc=0x00007f56617c0fb4 method=java.awt.Container.findComponentAtImpl(IIZ)Ljava/awt/Component; @ 131
Event: 840.120 Thread 0x00007f5670540000 Uncommon trap: reason=unstable_if action=reinterpret pc=0x00007f5661666330 method=sun.awt.geom.Curve.rectCrossingsForQuad(IDDDDDDDDDDI)I @ 115
Event: 840.136 Thread 0x00007f5670540000 Uncommon trap: reason=unstable_if action=reinterpret pc=0x00007f566150f334 method=sun.awt.geom.Curve.rectCrossingsForLine(IDDDDDDDD)I @ 121
Event: 840.360 Thread 0x00007f5670540000 Uncommon trap: reason=unstable_if action=reinterpret pc=0x00007f56613c343c method=sun.awt.geom.Curve.rectCrossingsForLine(IDDDDDDDD)I @ 232
Event: 857.080 Thread 0x00007f5670540000 Uncommon trap: reason=unstable_if action=reinterpret pc=0x00007f5661515b44 method=sun.awt.geom.Curve.rectCrossingsForLine(IDDDDDDDD)I @ 297
Event: 4289.215 Thread 0x00007f5670540000 Uncommon trap: reason=unstable_if action=reinterpret pc=0x00007f56614ab80c method=java.awt.EventQueue.removeSourceEvents(Ljava/lang/Object;Z)V @ 51
Event: 4289.216 Thread 0x00007f5670540000 Uncommon trap: reason=unstable_if action=reinterpret pc=0x00007f5661b8a428 method=java.awt.Component.dispatchEventImpl(Ljava/awt/AWTEvent;)V @ 759
Event: 4290.216 Thread 0x00007f567053f000 Uncommon trap: reason=class_check action=maybe_recompile pc=0x00007f56613fa7f0 method=java.util.AbstractCollection.addAll(Ljava/util/Collection;)Z @ 3
Event: 4290.217 Thread 0x00007f5670540000 Uncommon trap: reason=unstable_if action=reinterpret pc=0x00007f5661b4a700 method=java.awt.EventQueue.dispatchEventImpl(Ljava/awt/AWTEvent;Ljava/lang/Object;)V @ 33
Event: 4357.975 Thread 0x00007f56703cd000 Uncommon trap: reason=bimorphic action=maybe_recompile pc=0x00007f5661b34b78 method=sun.awt.X11.XToolkit.dispatchEvent(Lsun/awt/X11/XEvent;)V @ 167

Internal exceptions (10 events):
Event: 30.904 Thread 0x00007f5670540000 Exception <a 'java/lang/UnsupportedOperationException': > (0x00000007a3596b80) thrown at [/HUDSON3/workspace/8-2-build-linux-amd64/jdk8u144/9417/hotspot/src/share/vm/prims/jni.cpp, line 735]
Event: 39.806 Thread 0x00007f567000b000 Implicit null exception at 0x00007f56613747c9 to 0x00007f566137665e
Event: 39.886 Thread 0x00007f5670540000 Implicit null exception at 0x00007f56613eaa2c to 0x00007f56613eaa5a
Event: 40.130 Thread 0x00007f5670540000 Exception <a 'java/lang/UnsupportedOperationException': > (0x00000007a3d7b3f8) thrown at [/HUDSON3/workspace/8-2-build-linux-amd64/jdk8u144/9417/hotspot/src/share/vm/prims/jni.cpp, line 735]
Event: 313.662 Thread 0x00007f5670540000 Exception <a 'java/lang/UnsupportedOperationException': > (0x00000007a44d8cd0) thrown at [/HUDSON3/workspace/8-2-build-linux-amd64/jdk8u144/9417/hotspot/src/share/vm/prims/jni.cpp, line 735]
Event: 346.026 Thread 0x00007f5670540000 Implicit null exception at 0x00007f5661a9bdea to 0x00007f5661a9cec5
Event: 346.027 Thread 0x00007f5670540000 Implicit null exception at 0x00007f56619e1672 to 0x00007f56619e18ed
Event: 728.043 Thread 0x00007f5670540000 Implicit null exception at 0x00007f5661afdb9c to 0x00007f5661afe444
Event: 728.725 Thread 0x00007f5670540000 Exception <a 'java/lang/UnsupportedOperationException': > (0x000000071bc8e5d8) thrown at [/HUDSON3/workspace/8-2-build-linux-amd64/jdk8u144/9417/hotspot/src/share/vm/prims/jni.cpp, line 735]
Event: 765.825 Thread 0x00007f5670540000 Exception <a 'java/lang/UnsupportedOperationException': > (0x000000073e5f2500) thrown at [/HUDSON3/workspace/8-2-build-linux-amd64/jdk8u144/9417/hotspot/src/share/vm/prims/jni.cpp, line 735]

Events (10 events):
Event: 4357.975 Executing VM operation: RevokeBias done
Event: 4357.975 Thread 0x00007f56703cd000 Uncommon trap: trap_request=0xffffffc6 fr.pc=0x00007f5661b34b78
Event: 4357.975 Thread 0x00007f56703cd000 DEOPT PACKING pc=0x00007f5661b34b78 sp=0x00007f565473c720
Event: 4357.975 Thread 0x00007f56703cd000 DEOPT UNPACKING pc=0x00007f5661005229 sp=0x00007f565473c738 mode 2
Event: 4357.975 loading class sun/awt/X11/XDestroyWindowEvent
Event: 4357.975 loading class sun/awt/X11/XDestroyWindowEvent done
Event: 4357.975 Executing VM operation: RevokeBias
Event: 4357.975 Executing VM operation: RevokeBias done
Event: 4357.975 Executing VM operation: RevokeBias
Event: 4357.975 Executing VM operation: RevokeBias done


Dynamic libraries:
00400000-00401000 r-xp 00000000 08:02 4594344                            /usr/lib/jvm/java-8-oracle/bin/java
00600000-00601000 rw-p 00000000 08:02 4594344                            /usr/lib/jvm/java-8-oracle/bin/java
015e9000-0160a000 rw-p 00000000 00:00 0                                  [heap]
5caa00000-5df900000 rw-p 00000000 00:00 0 
5df900000-718e00000 ---p 00000000 00:00 0 
718e00000-7c0000000 rw-p 00000000 00:00 0 
7c0000000-7c0200000 rw-p 00000000 00:00 0 
7c0200000-800000000 ---p 00000000 00:00 0 
7f55e0000000-7f55e0021000 rw-p 00000000 00:00 0 
7f55e0021000-7f55e4000000 ---p 00000000 00:00 0 
7f55e8000000-7f55e8021000 rw-p 00000000 00:00 0 
7f55e8021000-7f55ec000000 ---p 00000000 00:00 0 
7f55ec000000-7f55ec755000 rw-p 00000000 00:00 0 
7f55ec755000-7f55f0000000 ---p 00000000 00:00 0 
7f55f2c09000-7f55f2cc9000 rw-p 00000000 00:00 0 
7f55f2cc9000-7f55f2e0c000 ---p 00000000 00:00 0 
7f55f2e0c000-7f55f2f0a000 rw-p 00000000 00:00 0 
7f55f3cd2000-7f55f3cd5000 ---p 00000000 00:00 0 
7f55f3cd5000-7f55f3dd3000 rw-p 00000000 00:00 0 
7f55f3dd3000-7f55f3dfd000 r-xp 00000000 08:02 4594593                    /usr/lib/jvm/java-8-oracle/jre/lib/amd64/libdcpr.so
7f55f3dfd000-7f55f3ffd000 ---p 0002a000 08:02 4594593                    /usr/lib/jvm/java-8-oracle/jre/lib/amd64/libdcpr.so
7f55f3ffd000-7f55f4000000 rw-p 0002a000 08:02 4594593                    /usr/lib/jvm/java-8-oracle/jre/lib/amd64/libdcpr.so
7f55f4000000-7f55f402d000 rw-p 00000000 00:00 0 
7f55f402d000-7f55f8000000 ---p 00000000 00:00 0 
7f55f8000000-7f55f8021000 rw-p 00000000 00:00 0 
7f55f8021000-7f55fc000000 ---p 00000000 00:00 0 
7f55fc000000-7f55fc021000 rw-p 00000000 00:00 0 
7f55fc021000-7f5600000000 ---p 00000000 00:00 0 
7f5600000000-7f5600021000 rw-p 00000000 00:00 0 
7f5600021000-7f5604000000 ---p 00000000 00:00 0 
7f5604000000-7f5604a78000 rw-p 00000000 00:00 0 
7f5604a78000-7f5608000000 ---p 00000000 00:00 0 
7f5608000000-7f5608021000 rw-p 00000000 00:00 0 
7f5608021000-7f560c000000 ---p 00000000 00:00 0 
7f560c000000-7f560ced8000 rw-p 00000000 00:00 0 
7f560ced8000-7f5610000000 ---p 00000000 00:00 0 
7f5610000000-7f56114e9000 rw-p 00000000 00:00 0 
7f56114e9000-7f5614000000 ---p 00000000 00:00 0 
7f5614000000-7f5614021000 rw-p 00000000 00:00 0 
7f5614021000-7f5618000000 ---p 00000000 00:00 0 
7f5618000000-7f5618c9f000 rw-p 00000000 00:00 0 
7f5618c9f000-7f561c000000 ---p 00000000 00:00 0 
7f561c000000-7f561c021000 rw-p 00000000 00:00 0 
7f561c021000-7f5620000000 ---p 00000000 00:00 0 
7f5620000000-7f5620021000 rw-p 00000000 00:00 0 
7f5620021000-7f5624000000 ---p 00000000 00:00 0 
7f5624000000-7f5624021000 rw-p 00000000 00:00 0 
7f5624021000-7f5628000000 ---p 00000000 00:00 0 
7f562802e000-7f562803c000 r--s 00000000 08:02 6296587                    /var/cache/fontconfig/6aa41aa22e18b8fa06a12da28ea9c28b-le64.cache-4
7f562803c000-7f562803d000 r--s 00000000 08:02 6300420                    /var/cache/fontconfig/c05880de57d1f5e948fdfacc138775d9-le64.cache-4
7f562803d000-7f5628048000 r--s 00000000 08:02 6296334                    /var/cache/fontconfig/945677eb7aeaf62f1d50efc3fb3ec7d8-le64.cache-4
7f5628048000-7f562804a000 r--s 00000000 08:02 6300532                    /var/cache/fontconfig/99e8ed0e538f840c565b6ed5dad60d56-le64.cache-4
7f562804a000-7f5628053000 r--s 00000000 08:02 6300540                    /var/cache/fontconfig/a6d8cf8e4ec09cdbc8633c31745a07dd-le64.cache-4
7f5628053000-7f5628059000 r--s 00000000 08:02 6300418                    /var/cache/fontconfig/2cd17615ca594fa2959ae173292e504c-le64.cache-4
7f5628059000-7f562805a000 r--s 00000000 08:02 6300417                    /var/cache/fontconfig/e7071f4a29fa870f4323321c154eba04-le64.cache-4
7f562805a000-7f562805b000 r--s 00000000 08:02 6300416                    /var/cache/fontconfig/0d8c3b2ac0904cb8a57a757ad11a4a08-le64.cache-4
7f562805b000-7f5628062000 r--s 00000000 08:02 6300415                    /var/cache/fontconfig/a755afe4a08bf5b97852ceb7400b47bc-le64.cache-4
7f5628062000-7f5628066000 r--s 00000000 08:02 6305483                    /var/cache/fontconfig/de156ccd2eddbdc19d37a45b8b2aac9c-le64.cache-4
7f5628066000-7f562807a000 r--s 00000000 08:02 6300414                    /var/cache/fontconfig/04aabc0a78ac019cf9454389977116d2-le64.cache-4
7f562807a000-7f562807b000 r--s 00000000 08:02 6300413                    /var/cache/fontconfig/1ac9eb803944fde146138c791f5cc56a-le64.cache-4
7f562807b000-7f562807f000 r--s 00000000 08:02 6300412                    /var/cache/fontconfig/385c0604a188198f04d133e54aba7fe7-le64.cache-4
7f562807f000-7f5628081000 r--s 00000000 08:02 6300410                    /var/cache/fontconfig/767a8244fc0220cfb567a839d0392e0b-le64.cache-4
7f5628081000-7f5628086000 r--s 00000000 08:02 6300408                    /var/cache/fontconfig/8801497958630a81b71ace7c5f9b32a8-le64.cache-4
7f5628086000-7f562808d000 r--s 00000000 08:02 6300407                    /var/cache/fontconfig/3047814df9a2f067bd2d96a2b9c36e5a-le64.cache-4
7f562808d000-7f5628093000 r--s 00000000 08:02 6300404                    /var/cache/fontconfig/b47c4e1ecd0709278f4910c18777a504-le64.cache-4
7f5628093000-7f562809c000 r--s 00000000 08:02 6300529                    /var/cache/fontconfig/52f7bdb7ce746bfd7eaa1985bd9cfa93-le64.cache-4
7f562809c000-7f56280af000 r--s 00000000 08:02 6300403                    /var/cache/fontconfig/d52a8644073d54c13679302ca1180695-le64.cache-4
7f56280af000-7f56280d0000 r--s 00000000 08:02 6296586                    /var/cache/fontconfig/e13b20fdb08344e0e664864cc2ede53d-le64.cache-4
7f56280d0000-7f56282d0000 rw-p 00000000 00:00 0 
7f56282d0000-7f5628339000 r-xp 00000000 08:02 4594615                    /usr/lib/jvm/java-8-oracle/jre/lib/amd64/libt2k.so
7f5628339000-7f5628539000 ---p 00069000 08:02 4594615                    /usr/lib/jvm/java-8-oracle/jre/lib/amd64/libt2k.so
7f5628539000-7f5628540000 rw-p 00069000 08:02 4594615                    /usr/lib/jvm/java-8-oracle/jre/lib/amd64/libt2k.so
7f5628540000-7f5638000000 rw-p 00000000 00:00 0 
7f5638000000-7f5638021000 rw-p 00000000 00:00 0 
7f5638021000-7f563c000000 ---p 00000000 00:00 0 
7f563c000000-7f563c021000 rw-p 00000000 00:00 0 
7f563c021000-7f5640000000 ---p 00000000 00:00 0 
7f5640000000-7f5640021000 rw-p 00000000 00:00 0 
7f5640021000-7f5644000000 ---p 00000000 00:00 0 
7f5644000000-7f5644021000 rw-p 00000000 00:00 0 
7f5644021000-7f5648000000 ---p 00000000 00:00 0 
7f5648000000-7f5648021000 rw-p 00000000 00:00 0 
7f5648021000-7f564c000000 ---p 00000000 00:00 0 
7f564c000000-7f564c021000 rw-p 00000000 00:00 0 
7f564c021000-7f5650000000 ---p 00000000 00:00 0 
7f5650000000-7f5650021000 rw-p 00000000 00:00 0 
7f5650021000-7f5654000000 ---p 00000000 00:00 0 
7f5654000000-7f5654001000 r--s 00000000 08:02 6300411                    /var/cache/fontconfig/dc05db6664285cc2f12bf69c139ae4c3-le64.cache-4
7f5654001000-7f5654002000 r--s 00000000 08:02 6305743                    /var/cache/fontconfig/4794a0821666d79190d59a36cb4f44b5-le64.cache-4
7f5654002000-7f5654003000 r--s 00000000 08:02 6300406                    /var/cache/fontconfig/56cf4f4769d0f4abc89a4895d7bd3ae1-le64.cache-4
7f5654003000-7f565400c000 r--s 00000000 08:02 6300402                    /var/cache/fontconfig/3f7329c5293ffd510edef78f73874cfd-le64.cache-4
7f565400c000-7f5654010000 r--s 00000000 08:02 6300401                    /var/cache/fontconfig/d589a48862398ed80a3d6066f4f56f4c-le64.cache-4
7f5654010000-7f565401d000 r--s 00000000 08:02 6305746                    /var/cache/fontconfig/8f02d4cb045bd6ce15663e43f347c9f8-le64.cache-4
7f565401d000-7f565403b000 r--s 00000000 08:02 6305485                    /var/cache/fontconfig/467c019e582ee353435ea5c21d137ef6-le64.cache-4
7f565403b000-7f565423b000 rw-p 00000000 00:00 0 
7f565423b000-7f565423e000 ---p 00000000 00:00 0 
7f565423e000-7f565433c000 rw-p 00000000 00:00 0 
7f565433c000-7f565433f000 ---p 00000000 00:00 0 
7f565433f000-7f565463d000 rw-p 00000000 00:00 0 
7f565463d000-7f5654640000 ---p 00000000 00:00 0 
7f5654640000-7f565473e000 rw-p 00000000 00:00 0 
7f565473e000-7f5654743000 r-xp 00000000 08:02 4595770                    /usr/lib/x86_64-linux-gnu/libXfixes.so.3.1.0
7f5654743000-7f5654942000 ---p 00005000 08:02 4595770                    /usr/lib/x86_64-linux-gnu/libXfixes.so.3.1.0
7f5654942000-7f5654943000 r--p 00004000 08:02 4595770                    /usr/lib/x86_64-linux-gnu/libXfixes.so.3.1.0
7f5654943000-7f5654944000 rw-p 00005000 08:02 4595770                    /usr/lib/x86_64-linux-gnu/libXfixes.so.3.1.0
7f5654944000-7f565494d000 r-xp 00000000 08:02 4595762                    /usr/lib/x86_64-linux-gnu/libXcursor.so.1.0.2
7f565494d000-7f5654b4c000 ---p 00009000 08:02 4595762                    /usr/lib/x86_64-linux-gnu/libXcursor.so.1.0.2
7f5654b4c000-7f5654b4d000 r--p 00008000 08:02 4595762                    /usr/lib/x86_64-linux-gnu/libXcursor.so.1.0.2
7f5654b4d000-7f5654b4e000 rw-p 00009000 08:02 4595762                    /usr/lib/x86_64-linux-gnu/libXcursor.so.1.0.2
7f5654b4e000-7f5654b51000 ---p 00000000 00:00 0 
7f5654b51000-7f5654c4f000 rw-p 00000000 00:00 0 
7f5654c4f000-7f5654c65000 r-xp 00000000 08:02 3412454                    /lib/x86_64-linux-gnu/libgcc_s.so.1
7f5654c65000-7f5654e64000 ---p 00016000 08:02 3412454                    /lib/x86_64-linux-gnu/libgcc_s.so.1
7f5654e64000-7f5654e65000 rw-p 00015000 08:02 3412454                    /lib/x86_64-linux-gnu/libgcc_s.so.1
7f5654e65000-7f5654eca000 r-xp 00000000 08:02 4594595                    /usr/lib/jvm/java-8-oracle/jre/lib/amd64/libfontmanager.so
7f5654eca000-7f56550c9000 ---p 00065000 08:02 4594595                    /usr/lib/jvm/java-8-oracle/jre/lib/amd64/libfontmanager.so
7f56550c9000-7f56550ce000 rw-p 00064000 08:02 4594595                    /usr/lib/jvm/java-8-oracle/jre/lib/amd64/libfontmanager.so
7f56550ce000-7f56550de000 rw-p 00000000 00:00 0 
7f56550de000-7f56550e3000 r-xp 00000000 08:02 4595766                    /usr/lib/x86_64-linux-gnu/libXdmcp.so.6.0.0
7f56550e3000-7f56552e2000 ---p 00005000 08:02 4595766                    /usr/lib/x86_64-linux-gnu/libXdmcp.so.6.0.0
7f56552e2000-7f56552e3000 r--p 00004000 08:02 4595766                    /usr/lib/x86_64-linux-gnu/libXdmcp.so.6.0.0
7f56552e3000-7f56552e4000 rw-p 00005000 08:02 4595766                    /usr/lib/x86_64-linux-gnu/libXdmcp.so.6.0.0
7f56552e4000-7f56552e6000 r-xp 00000000 08:02 4595755                    /usr/lib/x86_64-linux-gnu/libXau.so.6.0.0
7f56552e6000-7f56554e6000 ---p 00002000 08:02 4595755                    /usr/lib/x86_64-linux-gnu/libXau.so.6.0.0
7f56554e6000-7f56554e7000 r--p 00002000 08:02 4595755                    /usr/lib/x86_64-linux-gnu/libXau.so.6.0.0
7f56554e7000-7f56554e8000 rw-p 00003000 08:02 4595755                    /usr/lib/x86_64-linux-gnu/libXau.so.6.0.0
7f56554e8000-7f5655505000 r-xp 00000000 08:02 4596828                    /usr/lib/x86_64-linux-gnu/libxcb.so.1.1.0
7f5655505000-7f5655705000 ---p 0001d000 08:02 4596828                    /usr/lib/x86_64-linux-gnu/libxcb.so.1.1.0
7f5655705000-7f5655706000 r--p 0001d000 08:02 4596828                    /usr/lib/x86_64-linux-gnu/libxcb.so.1.1.0
7f5655706000-7f5655707000 rw-p 0001e000 08:02 4596828                    /usr/lib/x86_64-linux-gnu/libxcb.so.1.1.0
7f5655707000-7f5655716000 r-xp 00000000 08:02 4595776                    /usr/lib/x86_64-linux-gnu/libXi.so.6.1.0
7f5655716000-7f5655915000 ---p 0000f000 08:02 4595776                    /usr/lib/x86_64-linux-gnu/libXi.so.6.1.0
7f5655915000-7f5655916000 r--p 0000e000 08:02 4595776                    /usr/lib/x86_64-linux-gnu/libXi.so.6.1.0
7f5655916000-7f5655917000 rw-p 0000f000 08:02 4595776                    /usr/lib/x86_64-linux-gnu/libXi.so.6.1.0
7f5655917000-7f565591c000 r-xp 00000000 08:02 4595796                    /usr/lib/x86_64-linux-gnu/libXtst.so.6.1.0
7f565591c000-7f5655b1b000 ---p 00005000 08:02 4595796                    /usr/lib/x86_64-linux-gnu/libXtst.so.6.1.0
7f5655b1b000-7f5655b1c000 r--p 00004000 08:02 4595796                    /usr/lib/x86_64-linux-gnu/libXtst.so.6.1.0
7f5655b1c000-7f5655b1d000 rw-p 00005000 08:02 4595796                    /usr/lib/x86_64-linux-gnu/libXtst.so.6.1.0
7f5655b1d000-7f5655b26000 r-xp 00000000 08:02 4595790                    /usr/lib/x86_64-linux-gnu/libXrender.so.1.3.0
7f5655b26000-7f5655d25000 ---p 00009000 08:02 4595790                    /usr/lib/x86_64-linux-gnu/libXrender.so.1.3.0
7f5655d25000-7f5655d26000 r--p 00008000 08:02 4595790                    /usr/lib/x86_64-linux-gnu/libXrender.so.1.3.0
7f5655d26000-7f5655d27000 rw-p 00009000 08:02 4595790                    /usr/lib/x86_64-linux-gnu/libXrender.so.1.3.0
7f5655d27000-7f5655e57000 r-xp 00000000 08:02 4595751                    /usr/lib/x86_64-linux-gnu/libX11.so.6.3.0
7f5655e57000-7f5656057000 ---p 00130000 08:02 4595751                    /usr/lib/x86_64-linux-gnu/libX11.so.6.3.0
7f5656057000-7f5656058000 r--p 00130000 08:02 4595751                    /usr/lib/x86_64-linux-gnu/libX11.so.6.3.0
7f5656058000-7f565605c000 rw-p 00131000 08:02 4595751                    /usr/lib/x86_64-linux-gnu/libX11.so.6.3.0
7f565605c000-7f565606d000 r-xp 00000000 08:02 4595768                    /usr/lib/x86_64-linux-gnu/libXext.so.6.4.0
7f565606d000-7f565626c000 ---p 00011000 08:02 4595768                    /usr/lib/x86_64-linux-gnu/libXext.so.6.4.0
7f565626c000-7f565626d000 r--p 00010000 08:02 4595768                    /usr/lib/x86_64-linux-gnu/libXext.so.6.4.0
7f565626d000-7f565626e000 rw-p 00011000 08:02 4595768                    /usr/lib/x86_64-linux-gnu/libXext.so.6.4.0
7f565626e000-7f565626f000 r--s 00000000 08:02 6300405                    /var/cache/fontconfig/b9d506c9ac06c20b433354fa67a72993-le64.cache-4
7f565626f000-7f5656270000 r--s 00000000 08:02 6300400                    /var/cache/fontconfig/0c9eb80ebd1c36541ebe2852d3bb0c49-le64.cache-4
7f5656270000-7f5656274000 r--s 00000000 08:02 6305482                    /var/cache/fontconfig/7ef2298fde41cc6eeb7af42e48b7d293-le64.cache-4
7f5656274000-7f5656276000 r--s 00000000 08:02 6305747                    /var/cache/fontconfig/16326683038b281783a0ef8c680e3a10-le64.cache-4
7f5656276000-7f5656277000 r--s 00000000 08:02 6305745                    /var/cache/fontconfig/e0aa53bcfa504e64f87823c16bc01eb6-le64.cache-4
7f565628f000-7f56562e3000 r-xp 00000000 08:02 4594576                    /usr/lib/jvm/java-8-oracle/jre/lib/amd64/libawt_xawt.so
7f56562e3000-7f56564e3000 ---p 00054000 08:02 4594576                    /usr/lib/jvm/java-8-oracle/jre/lib/amd64/libawt_xawt.so
7f56564e3000-7f56564e7000 rw-p 00054000 08:02 4594576                    /usr/lib/jvm/java-8-oracle/jre/lib/amd64/libawt_xawt.so
7f56564e7000-7f56564e8000 rw-p 00000000 00:00 0 
7f56564e8000-7f565658a000 r-xp 00000000 08:02 4594580                    /usr/lib/jvm/java-8-oracle/jre/lib/amd64/libawt.so
7f565658a000-7f565678a000 ---p 000a2000 08:02 4594580                    /usr/lib/jvm/java-8-oracle/jre/lib/amd64/libawt.so
7f565678a000-7f5656796000 rw-p 000a2000 08:02 4594580                    /usr/lib/jvm/java-8-oracle/jre/lib/amd64/libawt.so
7f5656796000-7f56567ba000 rw-p 00000000 00:00 0 
7f56567ba000-7f56567c4000 r--s 00116000 08:02 4594654                    /usr/lib/jvm/java-8-oracle/jre/lib/ext/localedata.jar
7f56567c4000-7f56567e0000 r--s 00393000 08:02 4594644                    /usr/lib/jvm/java-8-oracle/jre/lib/ext/cldrdata.jar
7f56567e0000-7f56567f1000 r-xp 00000000 08:02 4594581                    /usr/lib/jvm/java-8-oracle/jre/lib/amd64/libnio.so
7f56567f1000-7f56569f0000 ---p 00011000 08:02 4594581                    /usr/lib/jvm/java-8-oracle/jre/lib/amd64/libnio.so
7f56569f0000-7f56569f1000 rw-p 00010000 08:02 4594581                    /usr/lib/jvm/java-8-oracle/jre/lib/amd64/libnio.so
7f56569f1000-7f5656a07000 r-xp 00000000 08:02 4594569                    /usr/lib/jvm/java-8-oracle/jre/lib/amd64/libnet.so
7f5656a07000-7f5656c07000 ---p 00016000 08:02 4594569                    /usr/lib/jvm/java-8-oracle/jre/lib/amd64/libnet.so
7f5656c07000-7f5656c08000 rw-p 00016000 08:02 4594569                    /usr/lib/jvm/java-8-oracle/jre/lib/amd64/libnet.so
7f5656c08000-7f5656c10000 r--s 000a6000 08:11 254094                     /media/omido/data/research/cyberDeception/cyber_deception/behavior_graph/lib/postgresql-42.1.1.jar
7f5656c10000-7f5656c11000 r--s 00004000 08:11 253192                     /media/omido/data/research/cyberDeception/cyber_deception/behavior_graph/lib/swtgraphics2d.jar
7f5656c11000-7f5656c12000 ---p 00000000 00:00 0 
7f5656c12000-7f5656d12000 rw-p 00000000 00:00 0 
7f5656d12000-7f5656d15000 ---p 00000000 00:00 0 
7f5656d15000-7f5656e13000 rw-p 00000000 00:00 0 
7f5656e13000-7f5656e16000 ---p 00000000 00:00 0 
7f5656e16000-7f5656f14000 rw-p 00000000 00:00 0 
7f5656f14000-7f5656f17000 ---p 00000000 00:00 0 
7f5656f17000-7f5657015000 rw-p 00000000 00:00 0 
7f5657015000-7f5657018000 ---p 00000000 00:00 0 
7f5657018000-7f5657116000 rw-p 00000000 00:00 0 
7f5657116000-7f5657119000 ---p 00000000 00:00 0 
7f5657119000-7f5657217000 rw-p 00000000 00:00 0 
7f5657217000-7f565721a000 ---p 00000000 00:00 0 
7f565721a000-7f5657318000 rw-p 00000000 00:00 0 
7f5657318000-7f56579fa000 r--p 00000000 08:02 4594681                    /usr/lib/locale/locale-archive
7f56579fa000-7f56579fd000 ---p 00000000 00:00 0 
7f56579fd000-7f5657afb000 rw-p 00000000 00:00 0 
7f5657afb000-7f5657afe000 ---p 00000000 00:00 0 
7f5657afe000-7f5657bfc000 rw-p 00000000 00:00 0 
7f5657bfc000-7f5657bfd000 ---p 00000000 00:00 0 
7f5657bfd000-7f5658000000 rw-p 00000000 00:00 0 
7f5658000000-7f5658021000 rw-p 00000000 00:00 0 
7f5658021000-7f565c000000 ---p 00000000 00:00 0 
7f565c000000-7f565c003000 r--s 00011000 08:11 253190                     /media/omido/data/research/cyberDeception/cyber_deception/behavior_graph/lib/servlet.jar
7f565c003000-7f565c005000 r--s 00010000 08:11 253189                     /media/omido/data/research/cyberDeception/cyber_deception/behavior_graph/lib/orsonpdf-1.6-eval.jar
7f565c005000-7f565c00c000 r--s 00066000 08:11 253188                     /media/omido/data/research/cyberDeception/cyber_deception/behavior_graph/lib/orsoncharts-1.4-eval-nofx.jar
7f565c00c000-7f565c040000 r--s 002ae000 08:11 253187                     /media/omido/data/research/cyberDeception/cyber_deception/behavior_graph/lib/neo4j-jdbc-2.1.4-SNAPSHOT-jar-with-dependencies.jar
7f565c040000-7f565c046000 r--s 00036000 08:11 253185                     /media/omido/data/research/cyberDeception/cyber_deception/behavior_graph/lib/junit-4.11.jar
7f565c046000-7f565c04b000 r--s 00031000 08:11 253184                     /media/omido/data/research/cyberDeception/cyber_deception/behavior_graph/lib/jung-visualization-2.0.1-sources.jar
7f565c04b000-7f565c04d000 r--s 00085000 08:11 253182                     /media/omido/data/research/cyberDeception/cyber_deception/behavior_graph/lib/jung-samples-2.0.1-sources.jar
7f565c04d000-7f565c04f000 r--s 0000a000 08:11 253179                     /media/omido/data/research/cyberDeception/cyber_deception/behavior_graph/lib/jung-jai-samples-2.0.1.jar
7f565c04f000-7f565c058000 r--s 000be000 08:11 253181                     /media/omido/data/research/cyberDeception/cyber_deception/behavior_graph/lib/jung-samples-2.0.1.jar
7f565c058000-7f565c059000 r--s 00003000 08:11 253180                     /media/omido/data/research/cyberDeception/cyber_deception/behavior_graph/lib/jung-jai-samples-2.0.1-sources.jar
7f565c059000-7f565c05a000 r--s 00004000 08:11 253177                     /media/omido/data/research/cyberDeception/cyber_deception/behavior_graph/lib/jung-jai-2.0.1.jar
7f565c05a000-7f565c05c000 r--s 00002000 08:11 253178                     /media/omido/data/research/cyberDeception/cyber_deception/behavior_graph/lib/jung-jai-2.0.1-sources.jar
7f565c05c000-7f565c05f000 r--s 00011000 08:11 253175                     /media/omido/data/research/cyberDeception/cyber_deception/behavior_graph/lib/jung-io-2.0.1.jar
7f565c05f000-7f565c061000 r--s 00005000 08:11 253191                     /media/omido/data/research/cyberDeception/cyber_deception/behavior_graph/lib/stax-api-1.0.1.jar
7f565c061000-7f565c068000 r--s 00079000 08:11 253194                     /media/omido/data/research/cyberDeception/cyber_deception/behavior_graph/lib/wstx-asl-3.2.6.jar
7f565c068000-7f565c06a000 r--s 0000c000 08:11 253176                     /media/omido/data/research/cyberDeception/cyber_deception/behavior_graph/lib/jung-io-2.0.1-sources.jar
7f565c06a000-7f565c06c000 r--s 00008000 08:11 253174                     /media/omido/data/research/cyberDeception/cyber_deception/behavior_graph/lib/jung-graph-impl-2.0.1-sources.jar
7f565c06c000-7f565c06d000 r--s 00007000 08:11 253172                     /media/omido/data/research/cyberDeception/cyber_deception/behavior_graph/lib/jung-api-2.0.1-sources.jar
7f565c06d000-7f565c071000 r--s 0002f000 08:11 253170                     /media/omido/data/research/cyberDeception/cyber_deception/behavior_graph/lib/jung-algorithms-2.0.1-sources.jar
7f565c071000-7f565c072000 r--s 00000000 08:11 253167                     /media/omido/data/research/cyberDeception/cyber_deception/behavior_graph/lib/jung-3d-demos-2.0.1.jar
7f565c072000-7f565c074000 r--s 0000e000 08:11 253173                     /media/omido/data/research/cyberDeception/cyber_deception/behavior_graph/lib/jung-graph-impl-2.0.1.jar
7f565c074000-7f565c076000 r--s 00010000 08:11 253165                     /media/omido/data/research/cyberDeception/cyber_deception/behavior_graph/lib/jung-3d-2.0.1.jar
7f565c076000-7f565c07e000 r--s 00048000 08:11 253183                     /media/omido/data/research/cyberDeception/cyber_deception/behavior_graph/lib/jung-visualization-2.0.1.jar
7f565c07e000-7f565c083000 r--s 00034000 08:11 253169                     /media/omido/data/research/cyberDeception/cyber_deception/behavior_graph/lib/jung-algorithms-2.0.1.jar
7f565c083000-7f565c086000 r--s 00008000 08:11 253171                     /media/omido/data/research/cyberDeception/cyber_deception/behavior_graph/lib/jung-api-2.0.1.jar
7f565c086000-7f565c088000 r--s 00045000 08:11 253193                     /media/omido/data/research/cyberDeception/cyber_deception/behavior_graph/lib/vecmath-1.3.1.jar
7f565c088000-7f565c08a000 r--s 0000c000 08:11 253166                     /media/omido/data/research/cyberDeception/cyber_deception/behavior_graph/lib/jung-3d-2.0.1-sources.jar
7f565c08a000-7f565c09b000 r--s 0016f000 08:11 253161                     /media/omido/data/research/cyberDeception/cyber_deception/behavior_graph/lib/jfreechart-1.0.19.jar
7f565c09b000-7f565c0a4000 r--s 0025d000 08:11 253158                     /media/omido/data/research/cyberDeception/cyber_deception/behavior_graph/lib/j3d-core-1.3.1.jar
7f565c0a4000-7f565d9e5000 rw-p 00000000 00:00 0 
7f565d9e5000-7f565dbbf000 r--s 03d4d000 08:02 4594657                    /usr/lib/jvm/java-8-oracle/jre/lib/rt.jar
7f565dbbf000-7f565f3e0000 rw-p 00000000 00:00 0 
7f565f3e0000-7f565f3e1000 ---p 00000000 00:00 0 
7f565f3e1000-7f565f4e1000 rw-p 00000000 00:00 0 
7f565f4e1000-7f565f4e2000 ---p 00000000 00:00 0 
7f565f4e2000-7f565f68a000 rw-p 00000000 00:00 0 
7f565f68a000-7f5660054000 ---p 00000000 00:00 0 
7f5660054000-7f56600fc000 rw-p 00000000 00:00 0 
7f56600fc000-7f5660ac6000 ---p 00000000 00:00 0 
7f5660ac6000-7f5660fff000 rw-p 00000000 00:00 0 
7f5660fff000-7f5661000000 rw-p 00000000 00:00 0 
7f5661000000-7f5661c30000 rwxp 00000000 00:00 0 
7f5661c30000-7f5670000000 ---p 00000000 00:00 0 
7f5670000000-7f56707bf000 rw-p 00000000 00:00 0 
7f56707bf000-7f5674000000 ---p 00000000 00:00 0 
7f5674000000-7f5674006000 r--s 0004b000 08:11 253159                     /media/omido/data/research/cyberDeception/cyber_deception/behavior_graph/lib/jcommon-1.0.23.jar
7f5674006000-7f56740b0000 rw-p 00000000 00:00 0 
7f56740b0000-7f56740b1000 ---p 00000000 00:00 0 
7f56740b1000-7f56741b1000 rw-p 00000000 00:00 0 
7f56741b1000-7f56741b2000 ---p 00000000 00:00 0 
7f56741b2000-7f56742b2000 rw-p 00000000 00:00 0 
7f56742b2000-7f56742b3000 ---p 00000000 00:00 0 
7f56742b3000-7f56743b3000 rw-p 00000000 00:00 0 
7f56743b3000-7f56743b4000 ---p 00000000 00:00 0 
7f56743b4000-7f56744b4000 rw-p 00000000 00:00 0 
7f56744b4000-7f56744b5000 ---p 00000000 00:00 0 
7f56744b5000-7f56745b5000 rw-p 00000000 00:00 0 
7f56745b5000-7f56745b6000 ---p 00000000 00:00 0 
7f56745b6000-7f56746e7000 rw-p 00000000 00:00 0 
7f56746e7000-7f5674a76000 ---p 00000000 00:00 0 
7f5674a76000-7f5674a90000 r-xp 00000000 08:02 4594592                    /usr/lib/jvm/java-8-oracle/jre/lib/amd64/libzip.so
7f5674a90000-7f5674c90000 ---p 0001a000 08:02 4594592                    /usr/lib/jvm/java-8-oracle/jre/lib/amd64/libzip.so
7f5674c90000-7f5674c91000 rw-p 0001a000 08:02 4594592                    /usr/lib/jvm/java-8-oracle/jre/lib/amd64/libzip.so
7f5674c91000-7f5674c9b000 r-xp 00000000 08:02 3408490                    /lib/x86_64-linux-gnu/libnss_files-2.19.so
7f5674c9b000-7f5674e9a000 ---p 0000a000 08:02 3408490                    /lib/x86_64-linux-gnu/libnss_files-2.19.so
7f5674e9a000-7f5674e9b000 r--p 00009000 08:02 3408490                    /lib/x86_64-linux-gnu/libnss_files-2.19.so
7f5674e9b000-7f5674e9c000 rw-p 0000a000 08:02 3408490                    /lib/x86_64-linux-gnu/libnss_files-2.19.so
7f5674e9c000-7f5674ea7000 r-xp 00000000 08:02 3408508                    /lib/x86_64-linux-gnu/libnss_nis-2.19.so
7f5674ea7000-7f56750a6000 ---p 0000b000 08:02 3408508                    /lib/x86_64-linux-gnu/libnss_nis-2.19.so
7f56750a6000-7f56750a7000 r--p 0000a000 08:02 3408508                    /lib/x86_64-linux-gnu/libnss_nis-2.19.so
7f56750a7000-7f56750a8000 rw-p 0000b000 08:02 3408508                    /lib/x86_64-linux-gnu/libnss_nis-2.19.so
7f56750a8000-7f56750bf000 r-xp 00000000 08:02 3408485                    /lib/x86_64-linux-gnu/libnsl-2.19.so
7f56750bf000-7f56752be000 ---p 00017000 08:02 3408485                    /lib/x86_64-linux-gnu/libnsl-2.19.so
7f56752be000-7f56752bf000 r--p 00016000 08:02 3408485                    /lib/x86_64-linux-gnu/libnsl-2.19.so
7f56752bf000-7f56752c0000 rw-p 00017000 08:02 3408485                    /lib/x86_64-linux-gnu/libnsl-2.19.so
7f56752c0000-7f56752c2000 rw-p 00000000 00:00 0 
7f56752c2000-7f56752cb000 r-xp 00000000 08:02 3408506                    /lib/x86_64-linux-gnu/libnss_compat-2.19.so
7f56752cb000-7f56754ca000 ---p 00009000 08:02 3408506                    /lib/x86_64-linux-gnu/libnss_compat-2.19.so
7f56754ca000-7f56754cb000 r--p 00008000 08:02 3408506                    /lib/x86_64-linux-gnu/libnss_compat-2.19.so
7f56754cb000-7f56754cc000 rw-p 00009000 08:02 3408506                    /lib/x86_64-linux-gnu/libnss_compat-2.19.so
7f56754cc000-7f56754f7000 r-xp 00000000 08:02 4594555                    /usr/lib/jvm/java-8-oracle/jre/lib/amd64/libjava.so
7f56754f7000-7f56756f6000 ---p 0002b000 08:02 4594555                    /usr/lib/jvm/java-8-oracle/jre/lib/amd64/libjava.so
7f56756f6000-7f56756f8000 rw-p 0002a000 08:02 4594555                    /usr/lib/jvm/java-8-oracle/jre/lib/amd64/libjava.so
7f56756f8000-7f5675705000 r-xp 00000000 08:02 4594587                    /usr/lib/jvm/java-8-oracle/jre/lib/amd64/libverify.so
7f5675705000-7f5675905000 ---p 0000d000 08:02 4594587                    /usr/lib/jvm/java-8-oracle/jre/lib/amd64/libverify.so
7f5675905000-7f5675907000 rw-p 0000d000 08:02 4594587                    /usr/lib/jvm/java-8-oracle/jre/lib/amd64/libverify.so
7f5675907000-7f567590e000 r-xp 00000000 08:02 3408499                    /lib/x86_64-linux-gnu/librt-2.19.so
7f567590e000-7f5675b0d000 ---p 00007000 08:02 3408499                    /lib/x86_64-linux-gnu/librt-2.19.so
7f5675b0d000-7f5675b0e000 r--p 00006000 08:02 3408499                    /lib/x86_64-linux-gnu/librt-2.19.so
7f5675b0e000-7f5675b0f000 rw-p 00007000 08:02 3408499                    /lib/x86_64-linux-gnu/librt-2.19.so
7f5675b0f000-7f5675c14000 r-xp 00000000 08:02 3408493                    /lib/x86_64-linux-gnu/libm-2.19.so
7f5675c14000-7f5675e13000 ---p 00105000 08:02 3408493                    /lib/x86_64-linux-gnu/libm-2.19.so
7f5675e13000-7f5675e14000 r--p 00104000 08:02 3408493                    /lib/x86_64-linux-gnu/libm-2.19.so
7f5675e14000-7f5675e15000 rw-p 00105000 08:02 3408493                    /lib/x86_64-linux-gnu/libm-2.19.so
7f5675e15000-7f5676ae8000 r-xp 00000000 08:02 4594566                    /usr/lib/jvm/java-8-oracle/jre/lib/amd64/server/libjvm.so
7f5676ae8000-7f5676ce7000 ---p 00cd3000 08:02 4594566                    /usr/lib/jvm/java-8-oracle/jre/lib/amd64/server/libjvm.so
7f5676ce7000-7f5676dc1000 rw-p 00cd2000 08:02 4594566                    /usr/lib/jvm/java-8-oracle/jre/lib/amd64/server/libjvm.so
7f5676dc1000-7f5676e0c000 rw-p 00000000 00:00 0 
7f5676e0c000-7f5676fca000 r-xp 00000000 08:02 3408494                    /lib/x86_64-linux-gnu/libc-2.19.so
7f5676fca000-7f56771ca000 ---p 001be000 08:02 3408494                    /lib/x86_64-linux-gnu/libc-2.19.so
7f56771ca000-7f56771ce000 r--p 001be000 08:02 3408494                    /lib/x86_64-linux-gnu/libc-2.19.so
7f56771ce000-7f56771d0000 rw-p 001c2000 08:02 3408494                    /lib/x86_64-linux-gnu/libc-2.19.so
7f56771d0000-7f56771d5000 rw-p 00000000 00:00 0 
7f56771d5000-7f56771d8000 r-xp 00000000 08:02 3408498                    /lib/x86_64-linux-gnu/libdl-2.19.so
7f56771d8000-7f56773d7000 ---p 00003000 08:02 3408498                    /lib/x86_64-linux-gnu/libdl-2.19.so
7f56773d7000-7f56773d8000 r--p 00002000 08:02 3408498                    /lib/x86_64-linux-gnu/libdl-2.19.so
7f56773d8000-7f56773d9000 rw-p 00003000 08:02 3408498                    /lib/x86_64-linux-gnu/libdl-2.19.so
7f56773d9000-7f56773ee000 r-xp 00000000 08:02 4591526                    /usr/lib/jvm/java-8-oracle/lib/amd64/jli/libjli.so
7f56773ee000-7f56775ee000 ---p 00015000 08:02 4591526                    /usr/lib/jvm/java-8-oracle/lib/amd64/jli/libjli.so
7f56775ee000-7f56775ef000 rw-p 00015000 08:02 4591526                    /usr/lib/jvm/java-8-oracle/lib/amd64/jli/libjli.so
7f56775ef000-7f5677608000 r-xp 00000000 08:02 3408495                    /lib/x86_64-linux-gnu/libpthread-2.19.so
7f5677608000-7f5677807000 ---p 00019000 08:02 3408495                    /lib/x86_64-linux-gnu/libpthread-2.19.so
7f5677807000-7f5677808000 r--p 00018000 08:02 3408495                    /lib/x86_64-linux-gnu/libpthread-2.19.so
7f5677808000-7f5677809000 rw-p 00019000 08:02 3408495                    /lib/x86_64-linux-gnu/libpthread-2.19.so
7f5677809000-7f567780d000 rw-p 00000000 00:00 0 
7f567780d000-7f5677830000 r-xp 00000000 08:02 3408504                    /lib/x86_64-linux-gnu/ld-2.19.so
7f5677830000-7f5677832000 r--s 0000b000 08:11 253164                     /media/omido/data/research/cyberDeception/cyber_deception/behavior_graph/lib/jfreesvg-2.0.jar
7f5677832000-7f5677834000 r--s 00012000 08:11 253163                     /media/omido/data/research/cyberDeception/cyber_deception/behavior_graph/lib/jfreechart-1.0.19-swt.jar
7f5677834000-7f5677842000 r--s 00081000 08:11 253154                     /media/omido/data/research/cyberDeception/cyber_deception/behavior_graph/lib/colt-1.2.0.jar
7f5677842000-7f5677907000 rw-p 00000000 00:00 0 
7f5677907000-7f567790a000 ---p 00000000 00:00 0 
7f567790a000-7f5677a0c000 rw-p 00000000 00:00 0 
7f5677a0c000-7f5677a0d000 r--s 00000000 08:11 253168                     /media/omido/data/research/cyberDeception/cyber_deception/behavior_graph/lib/jung-3d-demos-2.0.1-sources.jar
7f5677a0d000-7f5677a0e000 r--s 00003000 08:11 253162                     /media/omido/data/research/cyberDeception/cyber_deception/behavior_graph/lib/jfreechart-1.0.19-experimental.jar
7f5677a0e000-7f5677a10000 r--s 00009000 08:11 253157                     /media/omido/data/research/cyberDeception/cyber_deception/behavior_graph/lib/hamcrest-core-1.3.jar
7f5677a10000-7f5677a17000 r--s 00028000 08:11 253155                     /media/omido/data/research/cyberDeception/cyber_deception/behavior_graph/lib/concurrent-1.3.4.jar
7f5677a17000-7f5677a23000 r--s 00076000 08:11 253153                     /media/omido/data/research/cyberDeception/cyber_deception/behavior_graph/lib/collections-generic-4.01.jar
7f5677a23000-7f5677a2b000 rw-s 00000000 08:02 137099                     /tmp/hsperfdata_omido/32281
7f5677a2b000-7f5677a2c000 rw-p 00000000 00:00 0 
7f5677a2c000-7f5677a2d000 r--p 00000000 00:00 0 
7f5677a2d000-7f5677a2f000 rw-p 00000000 00:00 0 
7f5677a2f000-7f5677a30000 r--p 00022000 08:02 3408504                    /lib/x86_64-linux-gnu/ld-2.19.so
7f5677a30000-7f5677a31000 rw-p 00023000 08:02 3408504                    /lib/x86_64-linux-gnu/ld-2.19.so
7f5677a31000-7f5677a32000 rw-p 00000000 00:00 0 
7ffedbb17000-7ffedbb39000 rw-p 00000000 00:00 0                          [stack]
7ffedbb73000-7ffedbb75000 r--p 00000000 00:00 0                          [vvar]
7ffedbb75000-7ffedbb77000 r-xp 00000000 00:00 0                          [vdso]
ffffffffff600000-ffffffffff601000 r-xp 00000000 00:00 0                  [vsyscall]

VM Arguments:
jvm_args: -Dfile.encoding=UTF-8 
java_command: MainPackage.MainClass file path=/media/omido/data/research/cyberDeception/cyber_deception/behavior_graph/logs/attack.log gv
java_class_path (initial): /home/omido/workspace/behavior_graph/bin:/home/omido/workspace/behavior_graph/lib/collections-generic-4.01.jar:/home/omido/workspace/behavior_graph/lib/colt-1.2.0.jar:/home/omido/workspace/behavior_graph/lib/concurrent-1.3.4.jar:/home/omido/workspace/behavior_graph/lib/hamcrest-core-1.3.jar:/home/omido/workspace/behavior_graph/lib/j3d-core-1.3.1.jar:/home/omido/workspace/behavior_graph/lib/jcommon-1.0.23.jar:/home/omido/workspace/behavior_graph/lib/jfreechart-1.0.19-experimental.jar:/home/omido/workspace/behavior_graph/lib/jfreechart-1.0.19-swt.jar:/home/omido/workspace/behavior_graph/lib/jfreechart-1.0.19.jar:/home/omido/workspace/behavior_graph/lib/jfreesvg-2.0.jar:/home/omido/workspace/behavior_graph/lib/jung-3d-2.0.1-sources.jar:/home/omido/workspace/behavior_graph/lib/vecmath-1.3.1.jar:/home/omido/workspace/behavior_graph/lib/jung-api-2.0.1.jar:/home/omido/workspace/behavior_graph/lib/jung-algorithms-2.0.1.jar:/home/omido/workspace/behavior_graph/lib/jung-visualization-2.0.1.jar:/home/omido/workspace/behavior_graph/lib/jung-3d-2.0.1.jar:/home/omido/workspace/behavior_graph/lib/jung-3d-demos-2.0.1-sources.jar:/home/omido/workspace/behavior_graph/lib/jung-graph-impl-2.0.1.jar:/home/omido/workspace/behavior_graph/lib/jung-3d-demos-2.0.1.jar:/home/omido/workspace/behavior_graph/lib/jung-algorithms-2.0.1-sources.jar:/home/omido/workspace/behavior_graph/lib/jung-api-2.0.1-sources.jar:/home/omido/workspace/behavior_graph/lib/jung-graph-impl-2.0.1-sources.jar:/home/omido/workspace/behavior_graph/lib/jung-io-2.0.1-sources.jar:/home/omido/workspace/behavior_graph/lib/wstx-asl-3.2.6.jar:/home/omido/workspace/behavior_graph/lib/stax-api-1.0.1.jar:/home/omido/workspace/behavior_graph/lib/jung-io-2.0.1.jar:/home/omido/workspace/behavior_graph/lib/jung-jai-2.0.1-sources.jar:/home/omido/workspace/behavior_graph/lib/jung-jai-2.0.1.jar:/home/omido/workspace/behavior_graph/lib/jung-jai-samples-2.0.1-sources.jar:/home/omido/workspace/behavior_graph/lib
Launcher Type: SUN_STANDARD

Environment Variables:
JAVA_HOME=/usr/lib/jvm/java-8-oracle
PATH=/usr/local/sbin:/usr/local/bin:/usr/sbin:/usr/bin:/sbin:/bin:/usr/games:/usr/local/games:/usr/lib/jvm/java-8-oracle/bin:/usr/lib/jvm/java-8-oracle/db/bin:/usr/lib/jvm/java-8-oracle/jre/bin:/usr/local/go/bin
SHELL=/bin/bash
DISPLAY=:0

Signal Handlers:
SIGSEGV: [libjvm.so+0xacba10], sa_mask[0]=11111111011111111101111111111110, sa_flags=SA_RESTART|SA_SIGINFO
SIGBUS: [libjvm.so+0xacba10], sa_mask[0]=11111111011111111101111111111110, sa_flags=SA_RESTART|SA_SIGINFO
SIGFPE: [libjvm.so+0x924ba0], sa_mask[0]=11111111011111111101111111111110, sa_flags=SA_RESTART|SA_SIGINFO
SIGPIPE: [libjvm.so+0x924ba0], sa_mask[0]=11111111011111111101111111111110, sa_flags=SA_RESTART|SA_SIGINFO
SIGXFSZ: [libjvm.so+0x924ba0], sa_mask[0]=11111111011111111101111111111110, sa_flags=SA_RESTART|SA_SIGINFO
SIGILL: [libjvm.so+0x924ba0], sa_mask[0]=11111111011111111101111111111110, sa_flags=SA_RESTART|SA_SIGINFO
SIGUSR1: SIG_DFL, sa_mask[0]=00000000000000000000000000000000, sa_flags=none
SIGUSR2: [libjvm.so+0x9263e0], sa_mask[0]=00100000000000000000000000000000, sa_flags=SA_RESTART|SA_SIGINFO
SIGHUP: [libjvm.so+0x9277e0], sa_mask[0]=11111111011111111101111111111110, sa_flags=SA_RESTART|SA_SIGINFO
SIGINT: [libjvm.so+0x9277e0], sa_mask[0]=11111111011111111101111111111110, sa_flags=SA_RESTART|SA_SIGINFO
SIGTERM: [libjvm.so+0x9277e0], sa_mask[0]=11111111011111111101111111111110, sa_flags=SA_RESTART|SA_SIGINFO
SIGQUIT: [libjvm.so+0x9277e0], sa_mask[0]=11111111011111111101111111111110, sa_flags=SA_RESTART|SA_SIGINFO


---------------  S Y S T E M  ---------------

OS:DISTRIB_ID=Ubuntu
DISTRIB_RELEASE=14.04
DISTRIB_CODENAME=trusty
DISTRIB_DESCRIPTION="Ubuntu 14.04.5 LTS"

uname:Linux 4.4.0-92-generic #115~14.04.1-Ubuntu SMP Thu Aug 10 15:06:53 UTC 2017 x86_64
libc:glibc 2.19 NPTL 2.19 
rlimit: STACK 8192k, CORE 0k, NPROC 127847, NOFILE 4096, AS infinity
load average:1.93 0.88 0.52

/proc/meminfo:
MemTotal:       32853564 kB
MemFree:        12414756 kB
MemAvailable:   17011864 kB
Buffers:          772476 kB
Cached:          6439312 kB
SwapCached:            0 kB
Active:         15304168 kB
Inactive:        4281376 kB
Active(anon):   12464112 kB
Inactive(anon):  2578968 kB
Active(file):    2840056 kB
Inactive(file):  1702408 kB
Unevictable:        7396 kB
Mlocked:            7396 kB
SwapTotal:      16717820 kB
SwapFree:       16717820 kB
Dirty:               708 kB
Writeback:             0 kB
AnonPages:      12378560 kB
Mapped:          1856092 kB
Shmem:           2670004 kB
Slab:             534044 kB
SReclaimable:     456380 kB
SUnreclaim:        77664 kB
KernelStack:       27952 kB
PageTables:       119388 kB
NFS_Unstable:          0 kB
Bounce:                0 kB
WritebackTmp:          0 kB
CommitLimit:    33144600 kB
Committed_AS:   32862468 kB
VmallocTotal:   34359738367 kB
VmallocUsed:           0 kB
VmallocChunk:          0 kB
HardwareCorrupted:     0 kB
AnonHugePages:   7962624 kB
CmaTotal:              0 kB
CmaFree:               0 kB
HugePages_Total:       0
HugePages_Free:        0
HugePages_Rsvd:        0
HugePages_Surp:        0
Hugepagesize:       2048 kB
DirectMap4k:      520744 kB
DirectMap2M:    28745728 kB
DirectMap1G:     4194304 kB


CPU:total 8 (initial active 8) (4 cores per cpu, 2 threads per core) family 6 model 60 stepping 3, cmov, cx8, fxsr, mmx, sse, sse2, sse3, ssse3, sse4.1, sse4.2, popcnt, avx, avx2, aes, clmul, erms, lzcnt, ht, tsc, tscinvbit, bmi1, bmi2

/proc/cpuinfo:
processor	: 0
vendor_id	: GenuineIntel
cpu family	: 6
model		: 60
model name	: Intel(R) Core(TM) i7-4790 CPU @ 3.60GHz
stepping	: 3
microcode	: 0x1c
cpu MHz		: 3799.968
cache size	: 8192 KB
physical id	: 0
siblings	: 8
core id		: 0
cpu cores	: 4
apicid		: 0
initial apicid	: 0
fpu		: yes
fpu_exception	: yes
cpuid level	: 13
wp		: yes
flags		: fpu vme de pse tsc msr pae mce cx8 apic sep mtrr pge mca cmov pat pse36 clflush dts acpi mmx fxsr sse sse2 ss ht tm pbe syscall nx pdpe1gb rdtscp lm constant_tsc arch_perfmon pebs bts rep_good nopl xtopology nonstop_tsc aperfmperf eagerfpu pni pclmulqdq dtes64 monitor ds_cpl vmx smx est tm2 ssse3 sdbg fma cx16 xtpr pdcm pcid sse4_1 sse4_2 x2apic movbe popcnt tsc_deadline_timer aes xsave avx f16c rdrand lahf_lm abm epb tpr_shadow vnmi flexpriority ept vpid fsgsbase tsc_adjust bmi1 avx2 smep bmi2 erms invpcid xsaveopt dtherm ida arat pln pts
bugs		:
bogomips	: 7183.16
clflush size	: 64
cache_alignment	: 64
address sizes	: 39 bits physical, 48 bits virtual
power management:

processor	: 1
vendor_id	: GenuineIntel
cpu family	: 6
model		: 60
model name	: Intel(R) Core(TM) i7-4790 CPU @ 3.60GHz
stepping	: 3
microcode	: 0x1c
cpu MHz		: 3799.968
cache size	: 8192 KB
physical id	: 0
siblings	: 8
core id		: 1
cpu cores	: 4
apicid		: 2
initial apicid	: 2
fpu		: yes
fpu_exception	: yes
cpuid level	: 13
wp		: yes
flags		: fpu vme de pse tsc msr pae mce cx8 apic sep mtrr pge mca cmov pat pse36 clflush dts acpi mmx fxsr sse sse2 ss ht tm pbe syscall nx pdpe1gb rdtscp lm constant_tsc arch_perfmon pebs bts rep_good nopl xtopology nonstop_tsc aperfmperf eagerfpu pni pclmulqdq dtes64 monitor ds_cpl vmx smx est tm2 ssse3 sdbg fma cx16 xtpr pdcm pcid sse4_1 sse4_2 x2apic movbe popcnt tsc_deadline_timer aes xsave avx f16c rdrand lahf_lm abm epb tpr_shadow vnmi flexpriority ept vpid fsgsbase tsc_adjust bmi1 avx2 smep bmi2 erms invpcid xsaveopt dtherm ida arat pln pts
bugs		:
bogomips	: 7183.16
clflush size	: 64
cache_alignment	: 64
address sizes	: 39 bits physical, 48 bits virtual
power management:

processor	: 2
vendor_id	: GenuineIntel
cpu family	: 6
model		: 60
model name	: Intel(R) Core(TM) i7-4790 CPU @ 3.60GHz
stepping	: 3
microcode	: 0x1c
cpu MHz		: 3799.968
cache size	: 8192 KB
physical id	: 0
siblings	: 8
core id		: 2
cpu cores	: 4
apicid		: 4
initial apicid	: 4
fpu		: yes
fpu_exception	: yes
cpuid level	: 13
wp		: yes
flags		: fpu vme de pse tsc msr pae mce cx8 apic sep mtrr pge mca cmov pat pse36 clflush dts acpi mmx fxsr sse sse2 ss ht tm pbe syscall nx pdpe1gb rdtscp lm constant_tsc arch_perfmon pebs bts rep_good nopl xtopology nonstop_tsc aperfmperf eagerfpu pni pclmulqdq dtes64 monitor ds_cpl vmx smx est tm2 ssse3 sdbg fma cx16 xtpr pdcm pcid sse4_1 sse4_2 x2apic movbe popcnt tsc_deadline_timer aes xsave avx f16c rdrand lahf_lm abm epb tpr_shadow vnmi flexpriority ept vpid fsgsbase tsc_adjust bmi1 avx2 smep bmi2 erms invpcid xsaveopt dtherm ida arat pln pts
bugs		:
bogomips	: 7183.16
clflush size	: 64
cache_alignment	: 64
address sizes	: 39 bits physical, 48 bits virtual
power management:

processor	: 3
vendor_id	: GenuineIntel
cpu family	: 6
model		: 60
model name	: Intel(R) Core(TM) i7-4790 CPU @ 3.60GHz
stepping	: 3
microcode	: 0x1c
cpu MHz		: 3799.968
cache size	: 8192 KB
physical id	: 0
siblings	: 8
core id		: 3
cpu cores	: 4
apicid		: 6
initial apicid	: 6
fpu		: yes
fpu_exception	: yes
cpuid level	: 13
wp		: yes
flags		: fpu vme de pse tsc msr pae mce cx8 apic sep mtrr pge mca cmov pat pse36 clflush dts acpi mmx fxsr sse sse2 ss ht tm pbe syscall nx pdpe1gb rdtscp lm constant_tsc arch_perfmon pebs bts rep_good nopl xtopology nonstop_tsc aperfmperf eagerfpu pni pclmulqdq dtes64 monitor ds_cpl vmx smx est tm2 ssse3 sdbg fma cx16 xtpr pdcm pcid sse4_1 sse4_2 x2apic movbe popcnt tsc_deadline_timer aes xsave avx f16c rdrand lahf_lm abm epb tpr_shadow vnmi flexpriority ept vpid fsgsbase tsc_adjust bmi1 avx2 smep bmi2 erms invpcid xsaveopt dtherm ida arat pln pts
bugs		:
bogomips	: 7183.16
clflush size	: 64
cache_alignment	: 64
address sizes	: 39 bits physical, 48 bits virtual
power management:

processor	: 4
vendor_id	: GenuineIntel
cpu family	: 6
model		: 60
model name	: Intel(R) Core(TM) i7-4790 CPU @ 3.60GHz
stepping	: 3
microcode	: 0x1c
cpu MHz		: 3799.968
cache size	: 8192 KB
physical id	: 0
siblings	: 8
core id		: 0
cpu cores	: 4
apicid		: 1
initial apicid	: 1
fpu		: yes
fpu_exception	: yes
cpuid level	: 13
wp		: yes
flags		: fpu vme de pse tsc msr pae mce cx8 apic sep mtrr pge mca cmov pat pse36 clflush dts acpi mmx fxsr sse sse2 ss ht tm pbe syscall nx pdpe1gb rdtscp lm constant_tsc arch_perfmon pebs bts rep_good nopl xtopology nonstop_tsc aperfmperf eagerfpu pni pclmulqdq dtes64 monitor ds_cpl vmx smx est tm2 ssse3 sdbg fma cx16 xtpr pdcm pcid sse4_1 sse4_2 x2apic movbe popcnt tsc_deadline_timer aes xsave avx f16c rdrand lahf_lm abm epb tpr_shadow vnmi flexpriority ept vpid fsgsbase tsc_adjust bmi1 avx2 smep bmi2 erms invpcid xsaveopt dtherm ida arat pln pts
bugs		:
bogomips	: 7183.16
clflush size	: 64
cache_alignment	: 64
address sizes	: 39 bits physical, 48 bits virtual
power management:

processor	: 5
vendor_id	: GenuineIntel
cpu family	: 6
model		: 60
model name	: Intel(R) Core(TM) i7-4790 CPU @ 3.60GHz
stepping	: 3
microcode	: 0x1c
cpu MHz		: 3799.968
cache size	: 8192 KB
physical id	: 0
siblings	: 8
core id		: 1
cpu cores	: 4
apicid		: 3
initial apicid	: 3
fpu		: yes
fpu_exception	: yes
cpuid level	: 13
wp		: yes
flags		: fpu vme de pse tsc msr pae mce cx8 apic sep mtrr pge mca cmov pat pse36 clflush dts acpi mmx fxsr sse sse2 ss ht tm pbe syscall nx pdpe1gb rdtscp lm constant_tsc arch_perfmon pebs bts rep_good nopl xtopology nonstop_tsc aperfmperf eagerfpu pni pclmulqdq dtes64 monitor ds_cpl vmx smx est tm2 ssse3 sdbg fma cx16 xtpr pdcm pcid sse4_1 sse4_2 x2apic movbe popcnt tsc_deadline_timer aes xsave avx f16c rdrand lahf_lm abm epb tpr_shadow vnmi flexpriority ept vpid fsgsbase tsc_adjust bmi1 avx2 smep bmi2 erms invpcid xsaveopt dtherm ida arat pln pts
bugs		:
bogomips	: 7183.16
clflush size	: 64
cache_alignment	: 64
address sizes	: 39 bits physical, 48 bits virtual
power management:

processor	: 6
vendor_id	: GenuineIntel
cpu family	: 6
model		: 60
model name	: Intel(R) Core(TM) i7-4790 CPU @ 3.60GHz
stepping	: 3
microcode	: 0x1c
cpu MHz		: 3799.968
cache size	: 8192 KB
physical id	: 0
siblings	: 8
core id		: 2
cpu cores	: 4
apicid		: 5
initial apicid	: 5
fpu		: yes
fpu_exception	: yes
cpuid level	: 13
wp		: yes
flags		: fpu vme de pse tsc msr pae mce cx8 apic sep mtrr pge mca cmov pat pse36 clflush dts acpi mmx fxsr sse sse2 ss ht tm pbe syscall nx pdpe1gb rdtscp lm constant_tsc arch_perfmon pebs bts rep_good nopl xtopology nonstop_tsc aperfmperf eagerfpu pni pclmulqdq dtes64 monitor ds_cpl vmx smx est tm2 ssse3 sdbg fma cx16 xtpr pdcm pcid sse4_1 sse4_2 x2apic movbe popcnt tsc_deadline_timer aes xsave avx f16c rdrand lahf_lm abm epb tpr_shadow vnmi flexpriority ept vpid fsgsbase tsc_adjust bmi1 avx2 smep bmi2 erms invpcid xsaveopt dtherm ida arat pln pts
bugs		:
bogomips	: 7183.16
clflush size	: 64
cache_alignment	: 64
address sizes	: 39 bits physical, 48 bits virtual
power management:

processor	: 7
vendor_id	: GenuineIntel
cpu family	: 6
model		: 60
model name	: Intel(R) Core(TM) i7-4790 CPU @ 3.60GHz
stepping	: 3
microcode	: 0x1c
cpu MHz		: 3799.968
cache size	: 8192 KB
physical id	: 0
siblings	: 8
core id		: 3
cpu cores	: 4
apicid		: 7
initial apicid	: 7
fpu		: yes
fpu_exception	: yes
cpuid level	: 13
wp		: yes
flags		: fpu vme de pse tsc msr pae mce cx8 apic sep mtrr pge mca cmov pat pse36 clflush dts acpi mmx fxsr sse sse2 ss ht tm pbe syscall nx pdpe1gb rdtscp lm constant_tsc arch_perfmon pebs bts rep_good nopl xtopology nonstop_tsc aperfmperf eagerfpu pni pclmulqdq dtes64 monitor ds_cpl vmx smx est tm2 ssse3 sdbg fma cx16 xtpr pdcm pcid sse4_1 sse4_2 x2apic movbe popcnt tsc_deadline_timer aes xsave avx f16c rdrand lahf_lm abm epb tpr_shadow vnmi flexpriority ept vpid fsgsbase tsc_adjust bmi1 avx2 smep bmi2 erms invpcid xsaveopt dtherm ida arat pln pts
bugs		:
bogomips	: 7183.16
clflush size	: 64
cache_alignment	: 64
address sizes	: 39 bits physical, 48 bits virtual
power management:



Memory: 4k page, physical 32853564k(12491844k free), swap 16717820k(16717820k free)

vm_info: Java HotSpot(TM) 64-Bit Server VM (25.144-b01) for linux-amd64 JRE (1.8.0_144-b01), built on Jul 21 2017 21:57:33 by "java_re" with gcc 4.3.0 20080428 (Red Hat 4.3.0-8)

time: Wed Aug 29 12:22:29 2018
elapsed time: 4358 seconds (0d 1h 12m 38s)

